info it worked if it ends with ok
verbose cli [ 'node', '/usr/local/bin/npm', 'install', 'geck' ]
info using npm@1.0.15
info using node@v0.4.9
verbose /usr/local/bin/node node symlink
verbose config file /Users/stephenbelanger/.npmrc
verbose config file /usr/local/etc/npmrc
silly testEngine { author: 
silly testEngine    { name: 'Stephen Belanger',
silly testEngine      email: 'admin@stephenbelanger.com',
silly testEngine      url: 'http://stephenbelanger.com' },
silly testEngine   name: 'GECK',
silly testEngine   description: 'Resourceful services made brain-dead easy.',
silly testEngine   version: '0.0.1',
silly testEngine   repository: { type: 'git', url: 'git://github.com/Qard/GECK.git' },
silly testEngine   engines: { node: '~v0.4.9' },
silly testEngine   dependencies: {},
silly testEngine   devDependencies: {},
silly testEngine   _npmJsonOpts: 
silly testEngine    { file: '/Users/stephenbelanger/Documents/Personal/GECK/package.json',
silly testEngine      wscript: false,
silly testEngine      contributors: false,
silly testEngine      serverjs: false },
silly testEngine   _id: 'GECK@0.0.1',
silly testEngine   _engineSupported: false,
silly testEngine   _npmVersion: '1.0.15',
silly testEngine   _nodeVersion: 'v0.4.9',
silly testEngine   _defaultsLoaded: true }
WARN Invalid range in engines.node.  Please see `npm help json` ~v0.4.9
verbose caching /Users/stephenbelanger/Documents/Personal/GECK/package.json
verbose loadDefaults GECK@0.0.1
verbose from cache /Users/stephenbelanger/Documents/Personal/GECK/package.json
verbose into /Users/stephenbelanger/Documents/Personal/GECK [ 'geck' ]
verbose cache add [ 'geck', null ]
info addNamed [ 'geck', '' ]
verbose addNamed [ null, '' ]
verbose GET geck
verbose raw, before any munging geck
verbose url resolving [ 'http://registry.npmjs.org/', './geck' ]
verbose url resolved http://registry.npmjs.org/geck
verbose url parsed { protocol: 'http:',
verbose url parsed   slashes: true,
verbose url parsed   host: 'registry.npmjs.org',
verbose url parsed   hostname: 'registry.npmjs.org',
verbose url parsed   href: 'http://registry.npmjs.org/geck',
verbose url parsed   pathname: '/geck' }
verbose response http://registry.npmjs.org/geck
silly chunk {"error":"not_found","reason":"document not found"}
silly chunk 
silly get cb [ 404,
silly get cb   { server: 'CouchDB/1.1.0 (Erlang OTP/R14B03)',
silly get cb     date: 'Sun, 17 Jul 2011 00:23:35 GMT',
silly get cb     'content-type': 'application/json',
silly get cb     'content-length': '52',
silly get cb     'cache-control': 'must-revalidate' } ]
ERR! 404 'geck' is not in the npm registry.
ERR! 404 You should bug the author to publish it.
ERR! 404 Note that you can also install from a tarball or folder.
ERR! 
ERR! System Darwin 10.8.0
ERR! command "node" "/usr/local/bin/npm" "install" "geck"
verbose exit [ 1, true ]
